TN:
SF:src/Carta/carta.ts
FN:5,(anonymous_0)
FN:9,(anonymous_1)
FN:13,(anonymous_2)
FN:17,(anonymous_3)
FN:21,(anonymous_4)
FN:22,(anonymous_5)
FNF:6
FNH:6
FNDA:3,(anonymous_0)
FNDA:5,(anonymous_1)
FNDA:1,(anonymous_2)
FNDA:2,(anonymous_3)
FNDA:4,(anonymous_4)
FNDA:12,(anonymous_5)
DA:4,1
DA:5,3
DA:10,5
DA:14,1
DA:18,2
DA:19,2
DA:21,2
DA:22,4
DA:23,12
DA:24,12
DA:25,12
DA:30,2
LF:12
LH:12
BRDA:23,0,0,12
BRDA:23,0,1,0
BRF:2
BRH:1
end_of_record
TN:
SF:src/Carta/index.ts
FN:1,(anonymous_0)
FNF:1
FNH:1
FNDA:4,(anonymous_0)
DA:1,5
LF:1
LH:1
BRF:0
BRH:0
end_of_record
TN:
SF:src/Command/command.ts
FN:6,(anonymous_0)
FN:10,(anonymous_1)
FN:14,(anonymous_2)
FN:18,(anonymous_3)
FN:19,(anonymous_4)
FN:19,(anonymous_5)
FN:22,(anonymous_6)
FN:23,(anonymous_7)
FN:23,(anonymous_8)
FNF:9
FNH:3
FNDA:1,(anonymous_0)
FNDA:2,(anonymous_1)
FNDA:1,(anonymous_2)
FNDA:0,(anonymous_3)
FNDA:0,(anonymous_4)
FNDA:0,(anonymous_5)
FNDA:0,(anonymous_6)
FNDA:0,(anonymous_7)
FNDA:0,(anonymous_8)
DA:1,1
DA:2,1
DA:5,1
DA:6,1
DA:11,2
DA:15,1
DA:19,0
DA:23,0
LF:8
LH:6
BRF:0
BRH:0
end_of_record
TN:
SF:src/Command/command_order.ts
FN:5,(anonymous_0)
FN:9,(anonymous_1)
FN:13,(anonymous_2)
FNF:3
FNH:3
FNDA:6,(anonymous_0)
FNDA:1,(anonymous_1)
FNDA:1,(anonymous_2)
DA:4,1
DA:5,6
DA:10,1
DA:14,1
LF:4
LH:4
BRF:0
BRH:0
end_of_record
TN:
SF:src/Command/index.ts
FN:1,(anonymous_0)
FN:2,(anonymous_1)
FNF:2
FNH:2
FNDA:7,(anonymous_0)
FNDA:2,(anonymous_1)
DA:1,8
DA:2,3
LF:2
LH:2
BRF:0
BRH:0
end_of_record
TN:
SF:src/Food/basic_food.ts
FN:6,(anonymous_0)
FN:22,(anonymous_1)
FN:31,(anonymous_2)
FN:39,(anonymous_3)
FN:47,(anonymous_4)
FN:55,(anonymous_5)
FN:63,(anonymous_6)
FN:71,(anonymous_7)
FN:79,(anonymous_8)
FN:87,(anonymous_9)
FN:97,(anonymous_10)
FNF:11
FNH:11
FNDA:1,(anonymous_0)
FNDA:85,(anonymous_1)
FNDA:16,(anonymous_2)
FNDA:16,(anonymous_3)
FNDA:241,(anonymous_4)
FNDA:45,(anonymous_5)
FNDA:1,(anonymous_6)
FNDA:1,(anonymous_7)
FNDA:1,(anonymous_8)
FNDA:1,(anonymous_9)
FNDA:4,(anonymous_10)
DA:6,1
DA:7,1
DA:8,1
DA:9,1
DA:10,1
DA:11,1
DA:13,1
DA:22,85
DA:23,85
DA:32,16
DA:40,16
DA:48,241
DA:56,45
DA:64,1
DA:72,1
DA:80,1
DA:88,1
DA:98,4
LF:18
LH:18
BRDA:6,0,0,1
BRDA:6,0,1,1
BRF:2
BRH:2
end_of_record
TN:
SF:src/Food/cereal.ts
FN:15,(anonymous_0)
FN:23,(anonymous_1)
FN:31,(anonymous_2)
FNF:3
FNH:3
FNDA:6,(anonymous_0)
FNDA:3,(anonymous_1)
FNDA:1,(anonymous_2)
DA:1,1
DA:7,1
DA:16,6
DA:24,3
DA:32,1
LF:5
LH:5
BRF:0
BRH:0
end_of_record
TN:
SF:src/Food/fruit.ts
FN:15,(anonymous_0)
FN:23,(anonymous_1)
FN:31,(anonymous_2)
FNF:3
FNH:3
FNDA:21,(anonymous_0)
FNDA:6,(anonymous_1)
FNDA:1,(anonymous_2)
DA:1,1
DA:7,1
DA:16,21
DA:24,6
DA:32,1
LF:5
LH:5
BRF:0
BRH:0
end_of_record
TN:
SF:src/Food/index.ts
FN:1,(anonymous_0)
FN:1,(anonymous_1)
FN:2,(anonymous_2)
FN:3,(anonymous_3)
FN:4,(anonymous_4)
FN:5,(anonymous_5)
FN:6,(anonymous_6)
FN:7,(anonymous_7)
FNF:8
FNH:8
FNDA:39,(anonymous_0)
FNDA:4,(anonymous_1)
FNDA:206,(anonymous_2)
FNDA:7,(anonymous_3)
FNDA:40,(anonymous_4)
FNDA:7,(anonymous_5)
FNDA:7,(anonymous_6)
FNDA:22,(anonymous_7)
DA:1,40
DA:2,207
DA:3,8
DA:4,41
DA:5,8
DA:6,8
DA:7,23
LF:7
LH:7
BRF:0
BRH:0
end_of_record
TN:
SF:src/Food/macronutrients.ts
FN:12,(anonymous_0)
FNF:1
FNH:1
FNDA:206,(anonymous_0)
DA:5,1
DA:12,206
LF:2
LH:2
BRDA:12,0,0,203
BRDA:12,1,0,203
BRDA:12,2,0,203
BRF:3
BRH:3
end_of_record
TN:
SF:src/Food/meat.ts
FN:17,(anonymous_0)
FN:27,(anonymous_1)
FNF:2
FNH:2
FNDA:39,(anonymous_0)
FNDA:1,(anonymous_1)
DA:2,1
DA:9,1
DA:20,39
DA:28,1
LF:4
LH:4
BRF:0
BRH:0
end_of_record
TN:
SF:src/Food/rich_protein_food.ts
FN:16,(anonymous_0)
FN:24,(anonymous_1)
FNF:2
FNH:2
FNDA:46,(anonymous_0)
FNDA:15,(anonymous_1)
DA:1,1
DA:8,1
DA:17,46
DA:25,15
LF:4
LH:4
BRF:0
BRH:0
end_of_record
TN:
SF:src/Food/vegetable.ts
FN:15,(anonymous_0)
FN:23,(anonymous_1)
FN:31,(anonymous_2)
FNF:3
FNH:3
FNDA:6,(anonymous_0)
FNDA:3,(anonymous_1)
FNDA:1,(anonymous_2)
DA:1,1
DA:7,1
DA:16,6
DA:24,3
DA:32,1
LF:5
LH:5
BRF:0
BRH:0
end_of_record
TN:
SF:src/Menu/index.ts
FN:1,(anonymous_0)
FNF:1
FNH:1
FNDA:10,(anonymous_0)
DA:1,11
LF:1
LH:1
BRF:0
BRH:0
end_of_record
TN:
SF:src/Menu/menu.ts
FN:12,(anonymous_0)
FN:21,(anonymous_1)
FN:25,(anonymous_2)
FN:30,(anonymous_3)
FN:31,(anonymous_4)
FN:34,(anonymous_5)
FN:35,(anonymous_6)
FN:38,(anonymous_7)
FN:39,(anonymous_8)
FN:42,(anonymous_9)
FN:43,(anonymous_10)
FN:46,(anonymous_11)
FN:47,(anonymous_12)
FN:50,(anonymous_13)
FN:52,(anonymous_14)
FN:54,(anonymous_15)
FN:55,(anonymous_16)
FN:56,(anonymous_17)
FN:61,(anonymous_18)
FN:63,(anonymous_19)
FN:68,(anonymous_20)
FN:71,(anonymous_21)
FN:78,(anonymous_22)
FN:80,(anonymous_23)
FN:88,(anonymous_24)
FN:89,(anonymous_25)
FN:92,(anonymous_26)
FNF:27
FNH:27
FNDA:9,(anonymous_0)
FNDA:3,(anonymous_1)
FNDA:16,(anonymous_2)
FNDA:16,(anonymous_3)
FNDA:49,(anonymous_4)
FNDA:16,(anonymous_5)
FNDA:49,(anonymous_6)
FNDA:16,(anonymous_7)
FNDA:49,(anonymous_8)
FNDA:16,(anonymous_9)
FNDA:49,(anonymous_10)
FNDA:3,(anonymous_11)
FNDA:9,(anonymous_12)
FNDA:1,(anonymous_13)
FNDA:3,(anonymous_14)
FNDA:3,(anonymous_15)
FNDA:3,(anonymous_16)
FNDA:3,(anonymous_17)
FNDA:1,(anonymous_18)
FNDA:3,(anonymous_19)
FNDA:15,(anonymous_20)
FNDA:41,(anonymous_21)
FNDA:2,(anonymous_22)
FNDA:6,(anonymous_23)
FNDA:1,(anonymous_24)
FNDA:4,(anonymous_25)
FNDA:1,(anonymous_26)
DA:1,1
DA:2,1
DA:4,1
DA:5,1
DA:6,1
DA:8,1
DA:12,9
DA:13,9
DA:14,0
DA:17,9
DA:22,3
DA:27,16
DA:31,49
DA:35,49
DA:39,49
DA:43,49
DA:47,9
DA:51,1
DA:52,3
DA:54,3
DA:55,3
DA:56,3
DA:58,1
DA:62,1
DA:63,3
DA:65,0
DA:69,15
DA:71,41
DA:73,13
DA:75,12
DA:79,2
DA:80,6
DA:82,2
DA:83,1
DA:84,1
DA:89,4
DA:93,1
LF:37
LH:35
BRDA:13,0,0,0
BRDA:13,0,1,9
BRDA:62,1,0,1
BRDA:62,1,1,0
BRDA:69,2,0,2
BRDA:69,2,1,13
BRDA:69,3,0,15
BRDA:69,3,1,14
BRDA:73,4,0,1
BRDA:73,4,1,12
BRDA:82,5,0,1
BRDA:82,5,1,1
BRDA:89,6,0,1
BRDA:89,6,1,3
BRF:14
BRH:12
end_of_record
TN:
SF:src/Parser/index.ts
FN:1,(anonymous_0)
FNF:1
FNH:1
FNDA:3,(anonymous_0)
DA:1,4
LF:1
LH:1
BRF:0
BRH:0
end_of_record
TN:
SF:src/Parser/parser.ts
FN:8,(anonymous_0)
FN:12,(anonymous_1)
FN:30,(anonymous_2)
FN:41,(anonymous_3)
FN:46,(anonymous_4)
FN:55,(anonymous_5)
FN:58,(anonymous_6)
FN:61,(anonymous_7)
FN:64,(anonymous_8)
FN:67,(anonymous_9)
FN:71,(anonymous_10)
FN:75,(anonymous_11)
FN:80,(anonymous_12)
FN:86,(anonymous_13)
FN:87,(anonymous_14)
FN:90,(anonymous_15)
FN:94,(anonymous_16)
FN:100,(anonymous_17)
FN:103,(anonymous_18)
FN:104,(anonymous_19)
FNF:20
FNH:19
FNDA:3,(anonymous_0)
FNDA:14,(anonymous_1)
FNDA:14,(anonymous_2)
FNDA:14,(anonymous_3)
FNDA:14,(anonymous_4)
FNDA:14,(anonymous_5)
FNDA:2,(anonymous_6)
FNDA:3,(anonymous_7)
FNDA:5,(anonymous_8)
FNDA:4,(anonymous_9)
FNDA:0,(anonymous_10)
FNDA:14,(anonymous_11)
FNDA:14,(anonymous_12)
FNDA:2,(anonymous_13)
FNDA:6,(anonymous_14)
FNDA:2,(anonymous_15)
FNDA:6,(anonymous_16)
FNDA:1,(anonymous_17)
FNDA:2,(anonymous_18)
FNDA:8,(anonymous_19)
DA:2,1
DA:3,1
DA:4,1
DA:7,1
DA:13,14
DA:15,5
DA:16,0
DA:18,2
DA:19,0
DA:23,5
DA:24,0
DA:26,2
DA:31,14
DA:38,14
DA:42,14
DA:43,14
DA:47,14
DA:52,14
DA:56,14
DA:58,2
DA:59,0
DA:61,3
DA:62,0
DA:64,5
DA:65,0
DA:67,4
DA:68,0
DA:71,0
DA:76,14
DA:80,14
DA:83,14
DA:87,6
DA:91,2
DA:94,6
DA:97,2
DA:101,1
DA:103,2
DA:104,8
DA:107,1
LF:39
LH:31
BRDA:14,0,0,5
BRDA:14,0,1,2
BRDA:14,0,2,5
BRDA:14,0,3,2
BRDA:57,1,0,2
BRDA:57,1,1,3
BRDA:57,1,2,5
BRDA:57,1,3,4
BRDA:57,1,4,0
BRF:9
BRH:8
end_of_record
TN:
SF:src/Plate/basic_plate.ts
FN:8,(anonymous_0)
FN:27,(anonymous_1)
FN:36,(anonymous_2)
FN:38,(anonymous_3)
FN:40,(anonymous_4)
FN:41,(anonymous_5)
FN:42,(anonymous_6)
FN:51,(anonymous_7)
FN:59,(anonymous_8)
FN:60,(anonymous_9)
FN:60,(anonymous_10)
FN:67,(anonymous_11)
FN:75,(anonymous_12)
FN:76,(anonymous_13)
FN:83,(anonymous_14)
FN:91,(anonymous_15)
FN:94,(anonymous_16)
FN:105,(anonymous_17)
FNF:18
FNH:18
FNDA:1,(anonymous_0)
FNDA:70,(anonymous_1)
FNDA:70,(anonymous_2)
FNDA:74,(anonymous_3)
FNDA:74,(anonymous_4)
FNDA:74,(anonymous_5)
FNDA:74,(anonymous_6)
FNDA:52,(anonymous_7)
FNDA:24,(anonymous_8)
FNDA:28,(anonymous_9)
FNDA:4,(anonymous_10)
FNDA:18,(anonymous_11)
FNDA:1,(anonymous_12)
FNDA:5,(anonymous_13)
FNDA:14,(anonymous_14)
FNDA:4,(anonymous_15)
FNDA:8,(anonymous_16)
FNDA:5,(anonymous_17)
DA:1,1
DA:8,1
DA:9,1
DA:10,1
DA:11,1
DA:12,1
DA:18,1
DA:27,70
DA:28,70
DA:37,70
DA:38,74
DA:40,74
DA:41,74
DA:42,74
DA:44,70
DA:52,52
DA:60,28
DA:68,18
DA:76,5
DA:84,14
DA:92,4
DA:94,4
DA:95,8
DA:96,8
DA:97,3
DA:99,5
DA:103,4
DA:104,4
DA:105,4
DA:106,5
DA:107,1
DA:108,1
DA:112,4
LF:33
LH:33
BRDA:8,0,0,1
BRDA:8,0,1,1
BRDA:27,1,0,0
BRDA:96,2,0,3
BRDA:96,2,1,5
BRDA:106,3,0,1
BRDA:106,3,1,4
BRF:7
BRH:6
end_of_record
TN:
SF:src/Plate/dessert.ts
FN:14,(anonymous_0)
FN:22,(anonymous_1)
FNF:2
FNH:2
FNDA:12,(anonymous_0)
FNDA:8,(anonymous_1)
DA:1,1
DA:8,1
DA:15,12
DA:23,8
LF:4
LH:4
BRF:0
BRH:0
end_of_record
TN:
SF:src/Plate/first_plate.ts
FN:14,(anonymous_0)
FN:22,(anonymous_1)
FNF:2
FNH:2
FNDA:30,(anonymous_0)
FNDA:21,(anonymous_1)
DA:1,1
DA:8,1
DA:15,30
DA:23,21
LF:4
LH:4
BRF:0
BRH:0
end_of_record
TN:
SF:src/Plate/index.ts
FN:1,(anonymous_0)
FN:2,(anonymous_1)
FN:2,(anonymous_2)
FN:3,(anonymous_3)
FN:4,(anonymous_4)
FN:5,(anonymous_5)
FN:6,(anonymous_6)
FNF:7
FNH:7
FNDA:76,(anonymous_0)
FNDA:2,(anonymous_1)
FNDA:39,(anonymous_2)
FNDA:61,(anonymous_3)
FNDA:30,(anonymous_4)
FNDA:15,(anonymous_5)
FNDA:12,(anonymous_6)
DA:1,77
DA:2,40
DA:3,62
DA:4,31
DA:5,16
DA:6,13
LF:6
LH:6
BRF:0
BRH:0
end_of_record
TN:
SF:src/Plate/ingredient.ts
FN:16,(anonymous_0)
FN:24,(anonymous_1)
FN:37,(anonymous_2)
FN:45,(anonymous_3)
FN:53,(anonymous_4)
FN:61,(anonymous_5)
FNF:6
FNH:6
FNDA:75,(anonymous_0)
FNDA:75,(anonymous_1)
FNDA:27,(anonymous_2)
FNDA:14,(anonymous_3)
FNDA:29,(anonymous_4)
FNDA:75,(anonymous_5)
DA:1,1
DA:8,1
DA:16,75
DA:17,75
DA:25,75
DA:26,75
DA:27,75
DA:28,75
DA:30,75
DA:38,27
DA:46,14
DA:54,29
DA:62,75
LF:13
LH:13
BRF:0
BRH:0
end_of_record
TN:
SF:src/Plate/second_plate.ts
FN:14,(anonymous_0)
FN:22,(anonymous_1)
FNF:2
FNH:2
FNDA:15,(anonymous_0)
FNDA:15,(anonymous_1)
DA:1,1
DA:8,1
DA:15,15
DA:23,15
LF:4
LH:4
BRF:0
BRH:0
end_of_record
TN:
SF:src/Plate/starter_plate.ts
FN:14,(anonymous_0)
FN:22,(anonymous_1)
FNF:2
FNH:2
FNDA:12,(anonymous_0)
FNDA:11,(anonymous_1)
DA:1,1
DA:8,1
DA:15,12
DA:23,11
LF:4
LH:4
BRF:0
BRH:0
end_of_record
TN:
SF:src/Stock/Stock.ts
FN:31,(anonymous_0)
FN:36,(anonymous_1)
FN:47,(anonymous_2)
FN:49,(anonymous_3)
FN:56,(anonymous_4)
FN:60,(anonymous_5)
FN:61,(anonymous_6)
FN:67,(anonymous_7)
FN:68,(anonymous_8)
FN:75,(anonymous_9)
FN:76,(anonymous_10)
FN:81,(anonymous_11)
FN:83,(anonymous_12)
FN:90,(anonymous_13)
FN:94,(anonymous_14)
FN:95,(anonymous_15)
FN:101,(anonymous_16)
FN:102,(anonymous_17)
FN:106,(anonymous_18)
FN:107,(anonymous_19)
FN:117,(anonymous_20)
FN:119,(anonymous_21)
FN:125,(anonymous_22)
FN:129,(anonymous_23)
FN:130,(anonymous_24)
FN:137,(anonymous_25)
FN:138,(anonymous_26)
FN:141,(anonymous_27)
FN:142,(anonymous_28)
FN:151,(anonymous_29)
FN:153,(anonymous_30)
FN:155,(anonymous_31)
FN:156,(anonymous_32)
FN:163,(anonymous_33)
FN:167,(anonymous_34)
FN:168,(anonymous_35)
FN:175,(anonymous_36)
FN:176,(anonymous_37)
FN:179,(anonymous_38)
FN:180,(anonymous_39)
FNF:40
FNH:16
FNDA:3,(anonymous_0)
FNDA:3,(anonymous_1)
FNDA:3,(anonymous_2)
FNDA:0,(anonymous_3)
FNDA:0,(anonymous_4)
FNDA:0,(anonymous_5)
FNDA:0,(anonymous_6)
FNDA:0,(anonymous_7)
FNDA:0,(anonymous_8)
FNDA:0,(anonymous_9)
FNDA:0,(anonymous_10)
FNDA:3,(anonymous_11)
FNDA:0,(anonymous_12)
FNDA:0,(anonymous_13)
FNDA:0,(anonymous_14)
FNDA:0,(anonymous_15)
FNDA:0,(anonymous_16)
FNDA:0,(anonymous_17)
FNDA:0,(anonymous_18)
FNDA:0,(anonymous_19)
FNDA:3,(anonymous_20)
FNDA:0,(anonymous_21)
FNDA:0,(anonymous_22)
FNDA:0,(anonymous_23)
FNDA:0,(anonymous_24)
FNDA:0,(anonymous_25)
FNDA:0,(anonymous_26)
FNDA:0,(anonymous_27)
FNDA:0,(anonymous_28)
FNDA:3,(anonymous_29)
FNDA:1,(anonymous_30)
FNDA:2,(anonymous_31)
FNDA:8,(anonymous_32)
FNDA:5,(anonymous_33)
FNDA:2,(anonymous_34)
FNDA:1,(anonymous_35)
FNDA:2,(anonymous_36)
FNDA:1,(anonymous_37)
FNDA:1,(anonymous_38)
FNDA:1,(anonymous_39)
DA:3,1
DA:4,1
DA:8,1
DA:10,1
DA:21,1
DA:25,3
DA:26,3
DA:27,3
DA:28,3
DA:32,3
DA:33,3
DA:38,3
DA:39,3
DA:41,3
DA:42,3
DA:43,3
DA:44,3
DA:48,3
DA:49,3
DA:52,0
DA:57,0
DA:61,0
DA:62,0
DA:63,0
DA:68,0
DA:69,0
DA:70,0
DA:71,0
DA:76,0
DA:82,3
DA:83,3
DA:85,0
DA:91,0
DA:95,0
DA:96,0
DA:97,0
DA:102,0
DA:107,0
DA:108,0
DA:109,0
DA:110,0
DA:118,3
DA:119,3
DA:121,0
DA:126,0
DA:130,0
DA:131,0
DA:132,0
DA:138,0
DA:142,0
DA:143,0
DA:144,0
DA:145,0
DA:152,3
DA:153,3
DA:154,1
DA:155,2
DA:156,8
DA:159,0
DA:164,5
DA:168,2
DA:169,1
DA:170,1
DA:176,2
DA:180,1
DA:181,1
DA:182,1
DA:183,1
LF:68
LH:37
BRDA:39,0,0,0
BRDA:39,0,1,3
BRDA:48,1,0,3
BRDA:48,1,1,0
BRDA:61,2,0,0
BRDA:61,2,1,0
BRDA:69,3,0,0
BRDA:69,3,1,0
BRDA:82,4,0,3
BRDA:82,4,1,0
BRDA:95,5,0,0
BRDA:95,5,1,0
BRDA:108,6,0,0
BRDA:108,6,1,0
BRDA:118,7,0,3
BRDA:118,7,1,0
BRDA:130,8,0,0
BRDA:130,8,1,0
BRDA:143,9,0,0
BRDA:143,9,1,0
BRDA:152,10,0,3
BRDA:152,10,1,0
BRDA:168,11,0,1
BRDA:168,11,1,1
BRDA:181,12,0,1
BRDA:181,12,1,0
BRF:26
BRH:8
end_of_record
TN:
SF:src/Stock/index.ts
FN:2,(anonymous_0)
FNF:1
FNH:1
FNDA:3,(anonymous_0)
DA:2,4
LF:1
LH:1
BRF:0
BRH:0
end_of_record
